[2018-07-17 09:04:47] local.INFO: We can not reach to this email address  
[2018-07-17 09:13:17] local.INFO: We can not reach to this email address  
[2018-07-17 09:15:04] local.INFO: mailing problem  
[2018-07-17 09:15:31] local.INFO: mailing problem  
[2018-07-17 09:17:22] local.INFO: We can not reach to this email address  
[2018-07-17 09:19:17] local.INFO: We can not reach to this email address  
[2018-07-17 09:22:40] local.INFO: Mail Not Sent  
[2018-07-17 09:23:57] local.INFO: Mail Not Sent  
[2018-07-17 09:36:06] local.INFO: Mail Not Sent  
[2018-07-17 09:36:28] local.INFO: Mail Not Sent  
[2018-07-17 09:37:01] local.INFO: Mail Not Sent  
[2018-07-17 10:56:32] local.INFO: Call to undefined method Illuminate\Database\Query\Builder::create()  
[2018-07-17 11:03:56] local.INFO: Call to undefined method Illuminate\Database\Query\Builder::create()  
[2018-07-17 11:08:41] local.INFO: SQLSTATE[42S22]: Column not found: 1054 Unknown column '0' in 'field list' (SQL: update `email_log` set `0` = status, `1` = Connection could not be established with host smtp.gmail.com [ #0])  
[2018-07-17 11:15:11] local.INFO: Call to undefined method Illuminate\Database\Query\Builder::create()  
[2018-07-17 12:12:41] local.INFO: SQLSTATE[42S22]: Column not found: 1054 Unknown column '0' in 'field list' (SQL: update `email_log` set `0` = status, `1` = Connection could not be established with host smtp.gmail.com [ #0] where `to` = faveomails@gmail.com)  
[2018-07-17 12:14:06] local.INFO: SQLSTATE[42S22]: Column not found: 1054 Unknown column '0' in 'field list' (SQL: update `email_log` set `0` = status, `1` = =, `2` = fails where `to` = faveomails@gmail.com)  
[2018-07-17 12:18:37] local.INFO: SQLSTATE[42S22]: Column not found: 1054 Unknown column '0' in 'field list' (SQL: insert into `email_log` (`0`, `1`, `2`) values (status, =, fails))  
[2018-07-17 12:20:02] local.INFO: SQLSTATE[42S22]: Column not found: 1054 Unknown column '0' in 'field list' (SQL: insert into `email_log` (`0`, `1`, `2`) values (status, =, fails))  
[2018-07-17 12:25:19] local.INFO: SQLSTATE[42S22]: Column not found: 1054 Unknown column '0' in 'field list' (SQL: insert into `email_log` (`0`, `1`, `2`) values (status, =, fails))  
[2018-07-17 12:36:30] local.INFO: We can not reach to this email address  
[2018-07-17 13:00:56] local.INFO: mailing problem  
[2018-07-17 13:01:39] local.INFO: mailing problem  
[2018-07-17 13:02:25] local.INFO: We can not reach to this email address  
[2018-07-17 13:03:20] local.INFO: mailing problem  
[2018-07-17 13:15:17] local.INFO: mailing problem  
[2018-07-17 13:15:52] local.INFO: mailing problem  
[2018-07-17 13:16:08] local.INFO: We can not reach to this email address  
[2018-07-17 13:23:42] local.INFO: SQLSTATE[42S22]: Column not found: 1054 Unknown column '0' in 'field list' (SQL: insert into `email_log` (`0`, `1`, `2`) values (status, =, fails))  
[2018-07-17 13:24:05] local.INFO: SQLSTATE[42S22]: Column not found: 1054 Unknown column '0' in 'field list' (SQL: insert into `email_log` (`0`, `1`, `2`) values (status, =, fails))  
[2018-07-17 13:26:30] local.INFO: SQLSTATE[42S22]: Column not found: 1054 Unknown column '0' in 'field list' (SQL: insert into `email_log` (`0`, `1`, `2`) values (status, =, fails))  
[2018-07-17 13:36:27] local.INFO: We can not reach to this email address  
[2018-07-17 13:37:16] local.INFO: We can not reach to this email address  
[2018-07-17 13:38:49] local.INFO: We can not reach to this email address  
[2018-07-17 13:39:31] local.INFO: We can not reach to this email address  
[2018-07-17 13:52:36] local.INFO: We can not reach to this email address  
[2018-07-17 13:59:46] local.INFO: We can not reach to this email address  
[2018-07-17 14:00:23] local.INFO: We can not reach to this email address  
[2018-07-17 14:06:40] local.INFO: We can not reach to this email address  
[2018-07-17 14:10:40] local.INFO: We can not reach to this email address  
[2018-07-17 14:11:01] local.INFO: We can not reach to this email address  
[2018-07-17 14:18:57] local.INFO: We can not reach to this email address  
[2018-07-17 14:20:50] local.INFO: We can not reach to this email address  
[2018-07-17 14:23:48] local.INFO: We can not reach to this email address  
[2018-07-17 14:24:39] local.INFO: We can not reach to this email address  
[2018-07-17 14:26:04] local.INFO: We can not reach to this email address  
[2018-07-17 14:35:08] local.INFO: We can not reach to this email address  
[2018-07-17 14:36:11] local.INFO: We can not reach to this email address  
[2018-07-17 14:43:13] local.INFO: We can not reach to this email address  
[2018-07-17 14:43:47] local.INFO: We can not reach to this email address  
[2018-07-17 14:44:45] local.INFO: We can not reach to this email address  
[2018-07-17 15:03:49] local.INFO: We can not reach to this email address  
[2018-07-17 15:09:35] local.INFO: Call to undefined method Illuminate\Database\Query\Builder::order_by()  
[2018-07-17 15:11:18] local.INFO: Call to undefined method Illuminate\Database\Query\Builder::order_by()  
[2018-07-17 15:12:36] local.INFO: Call to undefined method Illuminate\Database\Query\Builder::order_by()  
[2018-07-17 15:12:56] local.INFO: Call to undefined method Illuminate\Database\Query\Builder::order_by()  
[2018-07-17 15:13:18] local.INFO: SQLSTATE[42S22]: Column not found: 1054 Unknown column 'upload_time' in 'order clause' (SQL: select * from `email_log` order by `upload_time` desc limit 1)  
[2018-07-17 15:14:29] local.INFO: We can not reach to this email address  
[2018-07-17 15:15:03] local.INFO: We can not reach to this email address  
[2018-07-17 15:46:35] local.INFO: SQLSTATE[42S22]: Column not found: 1054 Unknown column ' faveomailsgmailcom' in 'where clause' (SQL: update `email_log` set `status` = fail where ` faveomailsgmailcom` = faveomailsgmailcom)  
[2018-07-17 15:47:18] local.INFO: mailing problem  
